This is pdfTeX, Version 3.141592653-2.6-1.40.22 (TeX Live 2021/nixos.org) (preloaded format=pdflatex)
 \write18 enabled.
entering extended mode
(./tex/ex2.tex
LaTeX2e <2021-11-15> patch level 1
L3 programming layer <2022-02-24>
(/nix/store/7aplrd66k8qy4j674y85qq9adx5hnv6q-texlive-combined-full-2021-final/s
hare/texmf/tex/latex/base/article.cls
Document Class: article 2021/10/04 v1.4n Standard LaTeX document class

(/nix/store/7aplrd66k8qy4j674y85qq9adx5hnv6q-texlive-combined-full-2021-final/s
hare/texmf/tex/latex/base/size12.clo)) (./tex/include/small_properties.tex
(./tex/include/packages.tex
(/nix/store/7aplrd66k8qy4j674y85qq9adx5hnv6q-texlive-combined-full-2021-final/s
hare/texmf/tex/latex/geometry/geometry.sty
(/nix/store/7aplrd66k8qy4j674y85qq9adx5hnv6q-texlive-combined-full-2021-final/s
hare/texmf/tex/latex/graphics/keyval.sty)
(/nix/store/7aplrd66k8qy4j674y85qq9adx5hnv6q-texlive-combined-full-2021-final/s
hare/texmf/tex/generic/iftex/ifvtex.sty
(/nix/store/7aplrd66k8qy4j674y85qq9adx5hnv6q-texlive-combined-full-2021-final/s
hare/texmf/tex/generic/iftex/iftex.sty)))
(/nix/store/7aplrd66k8qy4j674y85qq9adx5hnv6q-texlive-combined-full-2021-final/s
hare/texmf/tex/latex/amsmath/amsmath.sty
For additional information on amsmath, use the `?' option.

(/nix/store/7aplrd66k8qy4j674y85qq9adx5hnv6q-texlive-combined-full-2021-final/s
hare/texmf/tex/latex/amsmath/amstext.sty
(/nix/store/7aplrd66k8qy4j674y85qq9adx5hnv6q-texlive-combined-full-2021-final/s
hare/texmf/tex/latex/amsmath/amsgen.sty))
(/nix/store/7aplrd66k8qy4j674y85qq9adx5hnv6q-texlive-combined-full-2021-final/s
hare/texmf/tex/latex/amsmath/amsbsy.sty)
(/nix/store/7aplrd66k8qy4j674y85qq9adx5hnv6q-texlive-combined-full-2021-final/s
hare/texmf/tex/latex/amsmath/amsopn.sty))
(/nix/store/7aplrd66k8qy4j674y85qq9adx5hnv6q-texlive-combined-full-2021-final/s
hare/texmf/tex/latex/amsfonts/amssymb.sty
(/nix/store/7aplrd66k8qy4j674y85qq9adx5hnv6q-texlive-combined-full-2021-final/s
hare/texmf/tex/latex/amsfonts/amsfonts.sty))
(/nix/store/7aplrd66k8qy4j674y85qq9adx5hnv6q-texlive-combined-full-2021-final/s
hare/texmf/tex/latex/mathtools/mathtools.sty
(/nix/store/7aplrd66k8qy4j674y85qq9adx5hnv6q-texlive-combined-full-2021-final/s
hare/texmf/tex/latex/tools/calc.sty)
(/nix/store/7aplrd66k8qy4j674y85qq9adx5hnv6q-texlive-combined-full-2021-final/s
hare/texmf/tex/latex/mathtools/mhsetup.sty))
(/nix/store/7aplrd66k8qy4j674y85qq9adx5hnv6q-texlive-combined-full-2021-final/s
hare/texmf/tex/latex/t2/mathtext.sty)
(/nix/store/7aplrd66k8qy4j674y85qq9adx5hnv6q-texlive-combined-full-2021-final/s
hare/texmf/tex/latex/l3packages/xfrac/xfrac.sty
(/nix/store/7aplrd66k8qy4j674y85qq9adx5hnv6q-texlive-combined-full-2021-final/s
hare/texmf/tex/latex/l3kernel/expl3.sty
(/nix/store/7aplrd66k8qy4j674y85qq9adx5hnv6q-texlive-combined-full-2021-final/s
hare/texmf/tex/latex/l3backend/l3backend-pdftex.def))
(/nix/store/7aplrd66k8qy4j674y85qq9adx5hnv6q-texlive-combined-full-2021-final/s
hare/texmf/tex/latex/graphics/graphicx.sty
(/nix/store/7aplrd66k8qy4j674y85qq9adx5hnv6q-texlive-combined-full-2021-final/s
hare/texmf/tex/latex/graphics/graphics.sty
(/nix/store/7aplrd66k8qy4j674y85qq9adx5hnv6q-texlive-combined-full-2021-final/s
hare/texmf/tex/latex/graphics/trig.sty)
(/nix/store/7aplrd66k8qy4j674y85qq9adx5hnv6q-texlive-combined-full-2021-final/s
hare/texmf/tex/latex/graphics-cfg/graphics.cfg)
(/nix/store/7aplrd66k8qy4j674y85qq9adx5hnv6q-texlive-combined-full-2021-final/s
hare/texmf/tex/latex/graphics-def/pdftex.def)))
(/nix/store/7aplrd66k8qy4j674y85qq9adx5hnv6q-texlive-combined-full-2021-final/s
hare/texmf/tex/latex/l3packages/l3keys2e/l3keys2e.sty)
(/nix/store/7aplrd66k8qy4j674y85qq9adx5hnv6q-texlive-combined-full-2021-final/s
hare/texmf/tex/latex/base/textcomp.sty)
(/nix/store/7aplrd66k8qy4j674y85qq9adx5hnv6q-texlive-combined-full-2021-final/s
hare/texmf/tex/latex/l3packages/xparse/xparse.sty)
(/nix/store/7aplrd66k8qy4j674y85qq9adx5hnv6q-texlive-combined-full-2021-final/s
hare/texmf/tex/latex/l3packages/xtemplate/xtemplate.sty))
(/nix/store/7aplrd66k8qy4j674y85qq9adx5hnv6q-texlive-combined-full-2021-final/s
hare/texmf/tex/latex/base/inputenc.sty)
(/nix/store/7aplrd66k8qy4j674y85qq9adx5hnv6q-texlive-combined-full-2021-final/s
hare/texmf/tex/latex/base/fontenc.sty)
(/nix/store/7aplrd66k8qy4j674y85qq9adx5hnv6q-texlive-combined-full-2021-final/s
hare/texmf/tex/generic/babel/babel.sty
(/nix/store/7aplrd66k8qy4j674y85qq9adx5hnv6q-texlive-combined-full-2021-final/s
hare/texmf/tex/generic/babel/txtbabel.def)
(/nix/store/7aplrd66k8qy4j674y85qq9adx5hnv6q-texlive-combined-full-2021-final/s
hare/texmf/tex/generic/babel-english/english.ldf)
(/nix/store/7aplrd66k8qy4j674y85qq9adx5hnv6q-texlive-combined-full-2021-final/s
hare/texmf/tex/generic/babel-russian/russianb.ldf

Package babel Warning: No Cyrillic font encoding has been loaded so far.
(babel)                A font encoding should be declared before babel.
(babel)                Default `T2A' encoding will be loaded  on input line 78.



(/nix/store/7aplrd66k8qy4j674y85qq9adx5hnv6q-texlive-combined-full-2021-final/s
hare/texmf/tex/latex/cyrillic/t2aenc.def
(/nix/store/7aplrd66k8qy4j674y85qq9adx5hnv6q-texlive-combined-full-2021-final/s
hare/texmf/tex/latex/base/t2aenc.dfu))))
(/nix/store/7aplrd66k8qy4j674y85qq9adx5hnv6q-texlive-combined-full-2021-final/s
hare/texmf/tex/latex/lipsum/lipsum.sty
(/nix/store/7aplrd66k8qy4j674y85qq9adx5hnv6q-texlive-combined-full-2021-final/s
hare/texmf/tex/latex/lipsum/lipsum.ltd.tex))
(/nix/store/7aplrd66k8qy4j674y85qq9adx5hnv6q-texlive-combined-full-2021-final/s
hare/texmf/tex/latex/titlesec/titlesec.sty)
(/nix/store/7aplrd66k8qy4j674y85qq9adx5hnv6q-texlive-combined-full-2021-final/s
hare/texmf/tex/latex/setspace/setspace.sty)
(/nix/store/7aplrd66k8qy4j674y85qq9adx5hnv6q-texlive-combined-full-2021-final/s
hare/texmf/tex/latex/tools/indentfirst.sty)
(/nix/store/7aplrd66k8qy4j674y85qq9adx5hnv6q-texlive-combined-full-2021-final/s
hare/texmf/tex/latex/lastpage/lastpage.sty)
(/nix/store/7aplrd66k8qy4j674y85qq9adx5hnv6q-texlive-combined-full-2021-final/s
hare/texmf/tex/latex/fancybox/fancybox.sty
Style option: `fancybox' v1.4 <2010/05/15> (tvz)
)
(/nix/store/7aplrd66k8qy4j674y85qq9adx5hnv6q-texlive-combined-full-2021-final/s
hare/texmf/tex/latex/fancyhdr/fancyhdr.sty)
(/nix/store/7aplrd66k8qy4j674y85qq9adx5hnv6q-texlive-combined-full-2021-final/s
hare/texmf/tex/latex/caption/caption.sty
(/nix/store/7aplrd66k8qy4j674y85qq9adx5hnv6q-texlive-combined-full-2021-final/s
hare/texmf/tex/latex/caption/caption3.sty))
(/nix/store/7aplrd66k8qy4j674y85qq9adx5hnv6q-texlive-combined-full-2021-final/s
hare/texmf/tex/latex/tools/array.sty)
(/nix/store/7aplrd66k8qy4j674y85qq9adx5hnv6q-texlive-combined-full-2021-final/s
hare/texmf/tex/latex/booktabs/booktabs.sty)
(/nix/store/7aplrd66k8qy4j674y85qq9adx5hnv6q-texlive-combined-full-2021-final/s
hare/texmf/tex/latex/multirow/multirow.sty)
(/nix/store/7aplrd66k8qy4j674y85qq9adx5hnv6q-texlive-combined-full-2021-final/s
hare/texmf/tex/latex/svg/svg.sty
(/nix/store/7aplrd66k8qy4j674y85qq9adx5hnv6q-texlive-combined-full-2021-final/s
hare/texmf/tex/latex/koma-script/scrbase.sty
(/nix/store/7aplrd66k8qy4j674y85qq9adx5hnv6q-texlive-combined-full-2021-final/s
hare/texmf/tex/latex/koma-script/scrlfile.sty
(/nix/store/7aplrd66k8qy4j674y85qq9adx5hnv6q-texlive-combined-full-2021-final/s
hare/texmf/tex/latex/koma-script/scrlfile-hook.sty
(/nix/store/7aplrd66k8qy4j674y85qq9adx5hnv6q-texlive-combined-full-2021-final/s
hare/texmf/tex/latex/koma-script/scrlogo.sty))))
(/nix/store/7aplrd66k8qy4j674y85qq9adx5hnv6q-texlive-combined-full-2021-final/s
hare/texmf/tex/generic/pdftexcmds/pdftexcmds.sty
(/nix/store/7aplrd66k8qy4j674y85qq9adx5hnv6q-texlive-combined-full-2021-final/s
hare/texmf/tex/generic/infwarerr/infwarerr.sty)
(/nix/store/7aplrd66k8qy4j674y85qq9adx5hnv6q-texlive-combined-full-2021-final/s
hare/texmf/tex/generic/ltxcmds/ltxcmds.sty))
(/nix/store/7aplrd66k8qy4j674y85qq9adx5hnv6q-texlive-combined-full-2021-final/s
hare/texmf/tex/latex/trimspaces/trimspaces.sty)
(/nix/store/7aplrd66k8qy4j674y85qq9adx5hnv6q-texlive-combined-full-2021-final/s
hare/texmf/tex/latex/tools/shellesc.sty)
(/nix/store/7aplrd66k8qy4j674y85qq9adx5hnv6q-texlive-combined-full-2021-final/s
hare/texmf/tex/latex/ifplatform/ifplatform.sty
(/nix/store/7aplrd66k8qy4j674y85qq9adx5hnv6q-texlive-combined-full-2021-final/s
hare/texmf/tex/generic/catchfile/catchfile.sty
(/nix/store/7aplrd66k8qy4j674y85qq9adx5hnv6q-texlive-combined-full-2021-final/s
hare/texmf/tex/generic/etexcmds/etexcmds.sty))
(/nix/store/7aplrd66k8qy4j674y85qq9adx5hnv6q-texlive-combined-full-2021-final/s
hare/texmf/tex/generic/iftex/ifluatex.sty) (./ex2.w18)))
(/nix/store/7aplrd66k8qy4j674y85qq9adx5hnv6q-texlive-combined-full-2021-final/s
hare/texmf/tex/latex/xcolor/xcolor.sty
(/nix/store/7aplrd66k8qy4j674y85qq9adx5hnv6q-texlive-combined-full-2021-final/s
hare/texmf/tex/latex/graphics-cfg/color.cfg))
(/nix/store/7aplrd66k8qy4j674y85qq9adx5hnv6q-texlive-combined-full-2021-final/s
hare/texmf/tex/latex/transparent/transparent.sty
(/nix/store/7aplrd66k8qy4j674y85qq9adx5hnv6q-texlive-combined-full-2021-final/s
hare/texmf/tex/latex/auxhook/auxhook.sty))
(/nix/store/7aplrd66k8qy4j674y85qq9adx5hnv6q-texlive-combined-full-2021-final/s
hare/texmf/tex/latex/pgf/systemlayer/pgfsys.sty
(/nix/store/7aplrd66k8qy4j674y85qq9adx5hnv6q-texlive-combined-full-2021-final/s
hare/texmf/tex/latex/pgf/utilities/pgfrcs.sty
(/nix/store/7aplrd66k8qy4j674y85qq9adx5hnv6q-texlive-combined-full-2021-final/s
hare/texmf/tex/generic/pgf/utilities/pgfutil-common.tex
(/nix/store/7aplrd66k8qy4j674y85qq9adx5hnv6q-texlive-combined-full-2021-final/s
hare/texmf/tex/generic/pgf/utilities/pgfutil-common-lists.tex))
(/nix/store/7aplrd66k8qy4j674y85qq9adx5hnv6q-texlive-combined-full-2021-final/s
hare/texmf/tex/generic/pgf/utilities/pgfutil-latex.def)
(/nix/store/7aplrd66k8qy4j674y85qq9adx5hnv6q-texlive-combined-full-2021-final/s
hare/texmf/tex/generic/pgf/utilities/pgfrcs.code.tex
(/nix/store/7aplrd66k8qy4j674y85qq9adx5hnv6q-texlive-combined-full-2021-final/s
hare/texmf/tex/generic/pgf/pgf.revision.tex)))
(/nix/store/7aplrd66k8qy4j674y85qq9adx5hnv6q-texlive-combined-full-2021-final/s
hare/texmf/tex/generic/pgf/systemlayer/pgfsys.code.tex
(/nix/store/7aplrd66k8qy4j674y85qq9adx5hnv6q-texlive-combined-full-2021-final/s
hare/texmf/tex/generic/pgf/utilities/pgfkeys.code.tex
(/nix/store/7aplrd66k8qy4j674y85qq9adx5hnv6q-texlive-combined-full-2021-final/s
hare/texmf/tex/generic/pgf/utilities/pgfkeysfiltered.code.tex))
(/nix/store/7aplrd66k8qy4j674y85qq9adx5hnv6q-texlive-combined-full-2021-final/s
hare/texmf/tex/generic/pgf/systemlayer/pgf.cfg)
(/nix/store/7aplrd66k8qy4j674y85qq9adx5hnv6q-texlive-combined-full-2021-final/s
hare/texmf/tex/generic/pgf/systemlayer/pgfsys-pdftex.def
(/nix/store/7aplrd66k8qy4j674y85qq9adx5hnv6q-texlive-combined-full-2021-final/s
hare/texmf/tex/generic/pgf/systemlayer/pgfsys-common-pdf.def)))
(/nix/store/7aplrd66k8qy4j674y85qq9adx5hnv6q-texlive-combined-full-2021-final/s
hare/texmf/tex/generic/pgf/systemlayer/pgfsyssoftpath.code.tex)
(/nix/store/7aplrd66k8qy4j674y85qq9adx5hnv6q-texlive-combined-full-2021-final/s
hare/texmf/tex/generic/pgf/systemlayer/pgfsysprotocol.code.tex)))
(./tex/include/macros.tex))
No file ex2.aux.

(/nix/store/7aplrd66k8qy4j674y85qq9adx5hnv6q-texlive-combined-full-2021-final/s
hare/texmf/tex/latex/cyrillic/t2acmr.fd)
*geometry* driver: auto-detecting
*geometry* detected driver: pdftex

(/nix/store/7aplrd66k8qy4j674y85qq9adx5hnv6q-texlive-combined-full-2021-final/s
hare/texmf/tex/context/base/mkii/supp-pdf.mkii
[Loading MPS to PDF converter (version 2006.09.02).]
)
(/nix/store/7aplrd66k8qy4j674y85qq9adx5hnv6q-texlive-combined-full-2021-final/s
hare/texmf/tex/latex/epstopdf-pkg/epstopdf-base.sty
(/nix/store/7aplrd66k8qy4j674y85qq9adx5hnv6q-texlive-combined-full-2021-final/s
hare/texmf/tex/latex/latexconfig/epstopdf-sys.cfg)) (|'inkscape' -V )
(./tex/solutions/exercise2.tex) 
AED: lastpage setting LastPage

Package fancyhdr Warning: \headheight is too small (12.0pt): 
(fancyhdr)                Make it at least 14.49998pt, for example:
(fancyhdr)                \setlength{\headheight}{14.49998pt}.
(fancyhdr)                You might also make \topmargin smaller to compensate:

(fancyhdr)                \addtolength{\topmargin}{-2.49998pt}.

[1{/nix/store/7aplrd66k8qy4j674y85qq9adx5hnv6q-texlive-combined-full-2021-final
/share/texmf-var/fonts/map/pdftex/updmap/pdftex.map}] (.build/ex2.aux)

LaTeX Warning: Label(s) may have changed. Rerun to get cross-references right.

 ){/nix/store/7aplrd66k8qy4j674y85qq9adx5hnv6q-texlive-combined-full-2021-final
/share/texmf/fonts/enc/dvips/cm-super/cm-super-t2a.enc}</nix/store/7aplrd66k8qy
4j674y85qq9adx5hnv6q-texlive-combined-full-2021-final/share/texmf/fonts/type1/p
ublic/cm-super/sfbx1440.pfb></nix/store/7aplrd66k8qy4j674y85qq9adx5hnv6q-texliv
e-combined-full-2021-final/share/texmf/fonts/type1/public/cm-super/sfrm1200.pfb
>
Output written on .build/ex2.pdf (1 page, 26943 bytes).
Transcript written on .build/ex2.log.
